{"numFailedTestSuites":0,"numFailedTests":0,"numPassedTestSuites":6,"numPassedTests":51,"numPendingTestSuites":0,"numPendingTests":0,"numRuntimeErrorTestSuites":0,"numTodoTests":0,"numTotalTestSuites":6,"numTotalTests":51,"openHandles":[],"snapshot":{"added":0,"didUpdate":false,"failure":false,"filesAdded":0,"filesRemoved":0,"filesRemovedList":[],"filesUnmatched":0,"filesUpdated":0,"matched":0,"total":0,"unchecked":0,"uncheckedKeysByFile":[],"unmatched":0,"updated":0},"startTime":1783981691947,"success":true,"testResults":[{"assertionResults":[{"ancestorTitles":["HotelCard — Tests unitaires de la carte hôtel"],"duration":75,"failing":false,"failureDetails":[],"failureMessages":[],"fullName":"HotelCard — Tests unitaires de la carte hôtel affiche le nom de l'hôtel","invocations":1,"location":null,"numPassingAsserts":1,"retryReasons":[],"startAt":1783981697203,"status":"passed","title":"affiche le nom de l'hôtel"},{"ancestorTitles":["HotelCard — Tests unitaires de la carte hôtel"],"duration":13,"failing":false,"failureDetails":[],"failureMessages":[],"fullName":"HotelCard — Tests unitaires de la carte hôtel affiche le prix par nuit","invocations":1,"location":null,"numPassingAsserts":1,"retryReasons":[],"startAt":1783981697279,"status":"passed","title":"affiche le prix par nuit"},{"ancestorTitles":["HotelCard — Tests unitaires de la carte hôtel"],"duration":9,"failing":false,"failureDetails":[],"failureMessages":[],"fullName":"HotelCard — Tests unitaires de la carte hôtel affiche le bon nombre d'étoiles","invocations":1,"location":null,"numPassingAsserts":1,"retryReasons":[],"startAt":1783981697292,"status":"passed","title":"affiche le bon nombre d'étoiles"},{"ancestorTitles":["HotelCard — Tests unitaires de la carte hôtel"],"duration":9,"failing":false,"failureDetails":[],"failureMessages":[],"fullName":"HotelCard — Tests unitaires de la carte hôtel affiche la destination quand elle est fournie","invocations":1,"location":null,"numPassingAsserts":1,"retryReasons":[],"startAt":1783981697301,"status":"passed","title":"affiche la destination quand elle est fournie"},{"ancestorTitles":["HotelCard — Tests unitaires de la carte hôtel"],"duration":8,"failing":false,"failureDetails":[],"failureMessages":[],"fullName":"HotelCard — Tests unitaires de la carte hôtel n'affiche pas la destination quand elle est absente","invocations":1,"location":null,"numPassingAsserts":1,"retryReasons":[],"startAt":1783981697310,"status":"passed","title":"n'affiche pas la destination quand elle est absente"},{"ancestorTitles":["HotelCard — Tests unitaires de la carte hôtel"],"duration":14,"failing":false,"failureDetails":[],"failureMessages":[],"fullName":"HotelCard — Tests unitaires de la carte hôtel affiche \"Disponible\" quand l'hôtel est disponible","invocations":1,"location":null,"numPassingAsserts":1,"retryReasons":[],"startAt":1783981697318,"status":"passed","title":"affiche \"Disponible\" quand l'hôtel est disponible"},{"ancestorTitles":["HotelCard — Tests unitaires de la carte hôtel"],"duration":9,"failing":false,"failureDetails":[],"failureMessages":[],"fullName":"HotelCard — Tests unitaires de la carte hôtel affiche \"Indisponible\" quand l'hôtel est indisponible","invocations":1,"location":null,"numPassingAsserts":1,"retryReasons":[],"startAt":1783981697332,"status":"passed","title":"affiche \"Indisponible\" quand l'hôtel est indisponible"},{"ancestorTitles":["HotelCard — Tests unitaires de la carte hôtel"],"duration":127,"failing":false,"failureDetails":[],"failureMessages":[],"fullName":"HotelCard — Tests unitaires de la carte hôtel affiche un lien vers la page de détail de l'hôtel","invocations":1,"location":null,"numPassingAsserts":1,"retryReasons":[],"startAt":1783981697341,"status":"passed","title":"affiche un lien vers la page de détail de l'hôtel"},{"ancestorTitles":["HotelCard — Tests unitaires de la carte hôtel"],"duration":9,"failing":false,"failureDetails":[],"failureMessages":[],"fullName":"HotelCard — Tests unitaires de la carte hôtel affiche 1 étoile pour un hôtel 1 étoile","invocations":1,"location":null,"numPassingAsserts":1,"retryReasons":[],"startAt":1783981697468,"status":"passed","title":"affiche 1 étoile pour un hôtel 1 étoile"},{"ancestorTitles":["HotelCard — Tests unitaires de la carte hôtel"],"duration":8,"failing":false,"failureDetails":[],"failureMessages":[],"fullName":"HotelCard — Tests unitaires de la carte hôtel affiche 5 étoiles pour un hôtel 5 étoiles","invocations":1,"location":null,"numPassingAsserts":1,"retryReasons":[],"startAt":1783981697478,"status":"passed","title":"affiche 5 étoiles pour un hôtel 5 étoiles"}],"endTime":1783981697491,"message":"","name":"C:\\Users\\User\\Desktop\\stage20252026\\client\\__tests__\\HotelCard.test.tsx","startTime":1783981695430,"status":"passed","summary":""},{"assertionResults":[{"ancestorTitles":["ChambreSelector — Tests unitaires du sélecteur de chambres"],"duration":77,"failing":false,"failureDetails":[],"failureMessages":[],"fullName":"ChambreSelector — Tests unitaires du sélecteur de chambres affiche seulement les chambres correspondant au nombre exact d'adultes","invocations":1,"location":null,"numPassingAsserts":3,"retryReasons":[],"startAt":1783981697284,"status":"passed","title":"affiche seulement les chambres correspondant au nombre exact d'adultes"},{"ancestorTitles":["ChambreSelector — Tests unitaires du sélecteur de chambres"],"duration":6,"failing":false,"failureDetails":[],"failureMessages":[],"fullName":"ChambreSelector — Tests unitaires du sélecteur de chambres affiche un message si aucune chambre ne correspond","invocations":1,"location":null,"numPassingAsserts":2,"retryReasons":[],"startAt":1783981697362,"status":"passed","title":"affiche un message si aucune chambre ne correspond"},{"ancestorTitles":["ChambreSelector — Tests unitaires du sélecteur de chambres"],"duration":10,"failing":false,"failureDetails":[],"failureMessages":[],"fullName":"ChambreSelector — Tests unitaires du sélecteur de chambres calcule le prix total correctement pour 3 nuits sans supplément pension","invocations":1,"location":null,"numPassingAsserts":1,"retryReasons":[],"startAt":1783981697369,"status":"passed","title":"calcule le prix total correctement pour 3 nuits sans supplément pension"},{"ancestorTitles":["ChambreSelector — Tests unitaires du sélecteur de chambres"],"duration":48,"failing":false,"failureDetails":[],"failureMessages":[],"fullName":"ChambreSelector — Tests unitaires du sélecteur de chambres recalcule le prix quand on change la pension","invocations":1,"location":null,"numPassingAsserts":1,"retryReasons":[],"startAt":1783981697379,"status":"passed","title":"recalcule le prix quand on change la pension"},{"ancestorTitles":["ChambreSelector — Tests unitaires du sélecteur de chambres"],"duration":17,"failing":false,"failureDetails":[],"failureMessages":[],"fullName":"ChambreSelector — Tests unitaires du sélecteur de chambres recalcule le prix vers All Inclusive (+100 DT/nuit)","invocations":1,"location":null,"numPassingAsserts":1,"retryReasons":[],"startAt":1783981697427,"status":"passed","title":"recalcule le prix vers All Inclusive (+100 DT/nuit)"},{"ancestorTitles":["ChambreSelector — Tests unitaires du sélecteur de chambres"],"duration":18,"failing":false,"failureDetails":[],"failureMessages":[],"fullName":"ChambreSelector — Tests unitaires du sélecteur de chambres affiche le badge \"Sélectionnée\" après avoir cliqué sur Sélectionner","invocations":1,"location":null,"numPassingAsserts":1,"retryReasons":[],"startAt":1783981697444,"status":"passed","title":"affiche le badge \"Sélectionnée\" après avoir cliqué sur Sélectionner"},{"ancestorTitles":["ChambreSelector — Tests unitaires du sélecteur de chambres"],"duration":13,"failing":false,"failureDetails":[],"failureMessages":[],"fullName":"ChambreSelector — Tests unitaires du sélecteur de chambres appelle onSelect avec les bons paramètres","invocations":1,"location":null,"numPassingAsserts":1,"retryReasons":[],"startAt":1783981697463,"status":"passed","title":"appelle onSelect avec les bons paramètres"},{"ancestorTitles":["ChambreSelector — Tests unitaires du sélecteur de chambres"],"duration":17,"failing":false,"failureDetails":[],"failureMessages":[],"fullName":"ChambreSelector — Tests unitaires du sélecteur de chambres appelle onSelect avec le bon prix après changement de pension","invocations":1,"location":null,"numPassingAsserts":1,"retryReasons":[],"startAt":1783981697476,"status":"passed","title":"appelle onSelect avec le bon prix après changement de pension"},{"ancestorTitles":["ChambreSelector — Tests unitaires du sélecteur de chambres"],"duration":9,"failing":false,"failureDetails":[],"failureMessages":[],"fullName":"ChambreSelector — Tests unitaires du sélecteur de chambres filtre correctement les chambres pour 1 adulte","invocations":1,"location":null,"numPassingAsserts":3,"retryReasons":[],"startAt":1783981697494,"status":"passed","title":"filtre correctement les chambres pour 1 adulte"},{"ancestorTitles":["ChambreSelector — Tests unitaires du sélecteur de chambres"],"duration":13,"failing":false,"failureDetails":[],"failureMessages":[],"fullName":"ChambreSelector — Tests unitaires du sélecteur de chambres calcule le prix pour 1 adulte sur 2 nuits","invocations":1,"location":null,"numPassingAsserts":1,"retryReasons":[],"startAt":1783981697504,"status":"passed","title":"calcule le prix pour 1 adulte sur 2 nuits"}],"endTime":1783981697522,"message":"","name":"C:\\Users\\User\\Desktop\\stage20252026\\client\\__tests__\\ChambreSelector.test.tsx","startTime":1783981695428,"status":"passed","summary":""},{"assertionResults":[{"ancestorTitles":["SearchForm — Tests unitaires de la barre de recherche"],"duration":75,"failing":false,"failureDetails":[],"failureMessages":[],"fullName":"SearchForm — Tests unitaires de la barre de recherche affiche tous les champs de base","invocations":1,"location":null,"numPassingAsserts":4,"retryReasons":[],"startAt":1783981697297,"status":"passed","title":"affiche tous les champs de base"},{"ancestorTitles":["SearchForm — Tests unitaires de la barre de recherche"],"duration":18,"failing":false,"failureDetails":[],"failureMessages":[],"fullName":"SearchForm — Tests unitaires de la barre de recherche adultes par défaut est 1","invocations":1,"location":null,"numPassingAsserts":1,"retryReasons":[],"startAt":1783981697373,"status":"passed","title":"adultes par défaut est 1"},{"ancestorTitles":["SearchForm — Tests unitaires de la barre de recherche"],"duration":30,"failing":false,"failureDetails":[],"failureMessages":[],"fullName":"SearchForm — Tests unitaires de la barre de recherche enfants par défaut est 0","invocations":1,"location":null,"numPassingAsserts":1,"retryReasons":[],"startAt":1783981697392,"status":"passed","title":"enfants par défaut est 0"},{"ancestorTitles":["SearchForm — Tests unitaires de la barre de recherche"],"duration":29,"failing":false,"failureDetails":[],"failureMessages":[],"fullName":"SearchForm — Tests unitaires de la barre de recherche incrémente le nombre d'adultes","invocations":1,"location":null,"numPassingAsserts":1,"retryReasons":[],"startAt":1783981697422,"status":"passed","title":"incrémente le nombre d'adultes"},{"ancestorTitles":["SearchForm — Tests unitaires de la barre de recherche"],"duration":17,"failing":false,"failureDetails":[],"failureMessages":[],"fullName":"SearchForm — Tests unitaires de la barre de recherche décrémente le nombre d'adultes sans passer en négatif","invocations":1,"location":null,"numPassingAsserts":2,"retryReasons":[],"startAt":1783981697452,"status":"passed","title":"décrémente le nombre d'adultes sans passer en négatif"},{"ancestorTitles":["SearchForm — Tests unitaires de la barre de recherche"],"duration":19,"failing":false,"failureDetails":[],"failureMessages":[],"fullName":"SearchForm — Tests unitaires de la barre de recherche incrémente le nombre d'enfants","invocations":1,"location":null,"numPassingAsserts":1,"retryReasons":[],"startAt":1783981697470,"status":"passed","title":"incrémente le nombre d'enfants"},{"ancestorTitles":["SearchForm — Tests unitaires de la barre de recherche"],"duration":16,"failing":false,"failureDetails":[],"failureMessages":[],"fullName":"SearchForm — Tests unitaires de la barre de recherche affiche une erreur si on recherche avec 0 adultes","invocations":1,"location":null,"numPassingAsserts":1,"retryReasons":[],"startAt":1783981697490,"status":"passed","title":"affiche une erreur si on recherche avec 0 adultes"},{"ancestorTitles":["SearchForm — Tests unitaires de la barre de recherche"],"duration":34,"failing":false,"failureDetails":[],"failureMessages":[],"fullName":"SearchForm — Tests unitaires de la barre de recherche affiche une erreur si le départ est avant ou égal à l'arrivée","invocations":1,"location":null,"numPassingAsserts":1,"retryReasons":[],"startAt":1783981697507,"status":"passed","title":"affiche une erreur si le départ est avant ou égal à l'arrivée"},{"ancestorTitles":["SearchForm — Tests unitaires de la barre de recherche"],"duration":26,"failing":false,"failureDetails":[],"failureMessages":[],"fullName":"SearchForm — Tests unitaires de la barre de recherche appelle onSearch avec les bonnes données si le formulaire est valide","invocations":1,"location":null,"numPassingAsserts":1,"retryReasons":[],"startAt":1783981697541,"status":"passed","title":"appelle onSearch avec les bonnes données si le formulaire est valide"},{"ancestorTitles":["SearchForm — Tests unitaires de la barre de recherche"],"duration":15,"failing":false,"failureDetails":[],"failureMessages":[],"fullName":"SearchForm — Tests unitaires de la barre de recherche ne déclenche pas onSearch si le formulaire est invalide","invocations":1,"location":null,"numPassingAsserts":1,"retryReasons":[],"startAt":1783981697568,"status":"passed","title":"ne déclenche pas onSearch si le formulaire est invalide"}],"endTime":1783981697587,"message":"","name":"C:\\Users\\User\\Desktop\\stage20252026\\client\\__tests__\\SearchForm.test.tsx","startTime":1783981695428,"status":"passed","summary":""},{"assertionResults":[{"ancestorTitles":["ReservationForm — Tests unitaires de réservation"],"duration":214,"failing":false,"failureDetails":[],"failureMessages":[],"fullName":"ReservationForm — Tests unitaires de réservation affiche les champs de saisie initiaux","invocations":1,"location":null,"numPassingAsserts":4,"retryReasons":[],"startAt":1783981697197,"status":"passed","title":"affiche les champs de saisie initiaux"},{"ancestorTitles":["ReservationForm — Tests unitaires de réservation"],"duration":49,"failing":false,"failureDetails":[],"failureMessages":[],"fullName":"ReservationForm — Tests unitaires de réservation affiche le nombre de nuits et le prix estimé lorsque les dates sont remplies","invocations":1,"location":null,"numPassingAsserts":2,"retryReasons":[],"startAt":1783981697412,"status":"passed","title":"affiche le nombre de nuits et le prix estimé lorsque les dates sont remplies"},{"ancestorTitles":["ReservationForm — Tests unitaires de réservation"],"duration":33,"failing":false,"failureDetails":[],"failureMessages":[],"fullName":"ReservationForm — Tests unitaires de réservation recalcule le prix total quand on change le nombre de chambres","invocations":1,"location":null,"numPassingAsserts":1,"retryReasons":[],"startAt":1783981697461,"status":"passed","title":"recalcule le prix total quand on change le nombre de chambres"},{"ancestorTitles":["ReservationForm — Tests unitaires de réservation"],"duration":70,"failing":false,"failureDetails":[],"failureMessages":[],"fullName":"ReservationForm — Tests unitaires de réservation affiche une erreur si on soumet sans dates","invocations":1,"location":null,"numPassingAsserts":2,"retryReasons":[],"startAt":1783981697494,"status":"passed","title":"affiche une erreur si on soumet sans dates"},{"ancestorTitles":["ReservationForm — Tests unitaires de réservation"],"duration":55,"failing":false,"failureDetails":[],"failureMessages":[],"fullName":"ReservationForm — Tests unitaires de réservation affiche une erreur si la date de départ est antérieure ou égale à la date d'arrivée","invocations":1,"location":null,"numPassingAsserts":2,"retryReasons":[],"startAt":1783981697565,"status":"passed","title":"affiche une erreur si la date de départ est antérieure ou égale à la date d'arrivée"},{"ancestorTitles":["ReservationForm — Tests unitaires de réservation"],"duration":49,"failing":false,"failureDetails":[],"failureMessages":[],"fullName":"ReservationForm — Tests unitaires de réservation appelle onSubmit avec les données calculées si le formulaire est valide","invocations":1,"location":null,"numPassingAsserts":1,"retryReasons":[],"startAt":1783981697621,"status":"passed","title":"appelle onSubmit avec les données calculées si le formulaire est valide"}],"endTime":1783981697675,"message":"","name":"C:\\Users\\User\\Desktop\\stage20252026\\client\\__tests__\\ReservationForm.test.tsx","startTime":1783981695429,"status":"passed","summary":""},{"assertionResults":[{"ancestorTitles":["LoginForm — Tests unitaires du formulaire de connexion"],"duration":85,"failing":false,"failureDetails":[],"failureMessages":[],"fullName":"LoginForm — Tests unitaires du formulaire de connexion affiche le champ email","invocations":1,"location":null,"numPassingAsserts":1,"retryReasons":[],"startAt":1783981697195,"status":"passed","title":"affiche le champ email"},{"ancestorTitles":["LoginForm — Tests unitaires du formulaire de connexion"],"duration":13,"failing":false,"failureDetails":[],"failureMessages":[],"fullName":"LoginForm — Tests unitaires du formulaire de connexion affiche le champ mot de passe","invocations":1,"location":null,"numPassingAsserts":1,"retryReasons":[],"startAt":1783981697281,"status":"passed","title":"affiche le champ mot de passe"},{"ancestorTitles":["LoginForm — Tests unitaires du formulaire de connexion"],"duration":145,"failing":false,"failureDetails":[],"failureMessages":[],"fullName":"LoginForm — Tests unitaires du formulaire de connexion affiche le bouton \"Se connecter\"","invocations":1,"location":null,"numPassingAsserts":1,"retryReasons":[],"startAt":1783981697294,"status":"passed","title":"affiche le bouton \"Se connecter\""},{"ancestorTitles":["LoginForm — Tests unitaires du formulaire de connexion"],"duration":15,"failing":false,"failureDetails":[],"failureMessages":[],"fullName":"LoginForm — Tests unitaires du formulaire de connexion les champs sont vides au départ","invocations":1,"location":null,"numPassingAsserts":2,"retryReasons":[],"startAt":1783981697440,"status":"passed","title":"les champs sont vides au départ"},{"ancestorTitles":["LoginForm — Tests unitaires du formulaire de connexion"],"duration":21,"failing":false,"failureDetails":[],"failureMessages":[],"fullName":"LoginForm — Tests unitaires du formulaire de connexion met à jour le champ email quand on tape","invocations":1,"location":null,"numPassingAsserts":1,"retryReasons":[],"startAt":1783981697456,"status":"passed","title":"met à jour le champ email quand on tape"},{"ancestorTitles":["LoginForm — Tests unitaires du formulaire de connexion"],"duration":14,"failing":false,"failureDetails":[],"failureMessages":[],"fullName":"LoginForm — Tests unitaires du formulaire de connexion met à jour le champ mot de passe quand on tape","invocations":1,"location":null,"numPassingAsserts":1,"retryReasons":[],"startAt":1783981697477,"status":"passed","title":"met à jour le champ mot de passe quand on tape"},{"ancestorTitles":["LoginForm — Tests unitaires du formulaire de connexion"],"duration":68,"failing":false,"failureDetails":[],"failureMessages":[],"fullName":"LoginForm — Tests unitaires du formulaire de connexion affiche une erreur si on clique sans remplir les champs","invocations":1,"location":null,"numPassingAsserts":2,"retryReasons":[],"startAt":1783981697491,"status":"passed","title":"affiche une erreur si on clique sans remplir les champs"},{"ancestorTitles":["LoginForm — Tests unitaires du formulaire de connexion"],"duration":28,"failing":false,"failureDetails":[],"failureMessages":[],"fullName":"LoginForm — Tests unitaires du formulaire de connexion affiche une erreur si le mot de passe est trop court (moins de 6 caractères)","invocations":1,"location":null,"numPassingAsserts":1,"retryReasons":[],"startAt":1783981697560,"status":"passed","title":"affiche une erreur si le mot de passe est trop court (moins de 6 caractères)"},{"ancestorTitles":["LoginForm — Tests unitaires du formulaire de connexion"],"duration":31,"failing":false,"failureDetails":[],"failureMessages":[],"fullName":"LoginForm — Tests unitaires du formulaire de connexion n'affiche pas d'erreur si le formulaire est valide","invocations":1,"location":null,"numPassingAsserts":1,"retryReasons":[],"startAt":1783981697588,"status":"passed","title":"n'affiche pas d'erreur si le formulaire est valide"},{"ancestorTitles":["LoginForm — Tests unitaires du formulaire de connexion"],"duration":36,"failing":false,"failureDetails":[],"failureMessages":[],"fullName":"LoginForm — Tests unitaires du formulaire de connexion appelle onSubmit avec les bonnes données si le formulaire est valide","invocations":1,"location":null,"numPassingAsserts":1,"retryReasons":[],"startAt":1783981697619,"status":"passed","title":"appelle onSubmit avec les bonnes données si le formulaire est valide"},{"ancestorTitles":["LoginForm — Tests unitaires du formulaire de connexion"],"duration":26,"failing":false,"failureDetails":[],"failureMessages":[],"fullName":"LoginForm — Tests unitaires du formulaire de connexion n'appelle pas onSubmit si le formulaire est invalide","invocations":1,"location":null,"numPassingAsserts":1,"retryReasons":[],"startAt":1783981697655,"status":"passed","title":"n'appelle pas onSubmit si le formulaire est invalide"}],"endTime":1783981697691,"message":"","name":"C:\\Users\\User\\Desktop\\stage20252026\\client\\__tests__\\LoginForm.test.tsx","startTime":1783981695427,"status":"passed","summary":""},{"assertionResults":[{"ancestorTitles":["RegisterPage — Tests unitaires de la page d'inscription"],"duration":326,"failing":false,"failureDetails":[],"failureMessages":[],"fullName":"RegisterPage — Tests unitaires de la page d'inscription affiche tous les champs de saisie requis","invocations":1,"location":null,"numPassingAsserts":7,"retryReasons":[],"startAt":1783981697438,"status":"passed","title":"affiche tous les champs de saisie requis"},{"ancestorTitles":["RegisterPage — Tests unitaires de la page d'inscription"],"duration":54,"failing":false,"failureDetails":[],"failureMessages":[],"fullName":"RegisterPage — Tests unitaires de la page d'inscription met à jour les champs de saisie","invocations":1,"location":null,"numPassingAsserts":4,"retryReasons":[],"startAt":1783981697766,"status":"passed","title":"met à jour les champs de saisie"},{"ancestorTitles":["RegisterPage — Tests unitaires de la page d'inscription"],"duration":123,"failing":false,"failureDetails":[],"failureMessages":[],"fullName":"RegisterPage — Tests unitaires de la page d'inscription affiche le message d'erreur envoyé par le serveur en cas d'échec","invocations":1,"location":null,"numPassingAsserts":1,"retryReasons":[],"startAt":1783981697820,"status":"passed","title":"affiche le message d'erreur envoyé par le serveur en cas d'échec"},{"ancestorTitles":["RegisterPage — Tests unitaires de la page d'inscription"],"duration":139,"failing":false,"failureDetails":[],"failureMessages":[],"fullName":"RegisterPage — Tests unitaires de la page d'inscription stocke les données d'authentification et redirige en cas de succès","invocations":1,"location":null,"numPassingAsserts":4,"retryReasons":[],"startAt":1783981697943,"status":"passed","title":"stocke les données d'authentification et redirige en cas de succès"}],"endTime":1783981698085,"message":"","name":"C:\\Users\\User\\Desktop\\stage20252026\\client\\__tests__\\RegisterPage.test.tsx","startTime":1783981695427,"status":"passed","summary":""}],"wasInterrupted":false}
